<?xml version="1.0" encoding="UTF-8"?>
<!-- Generated by org.testng.reporters.JUnitReportReporter -->
<testsuite hostname="DESKTOP-78VEUMB" failures="0" tests="1" name="CommonFunctions.PropertyFile" time="4.166" errors="0" timestamp="24 Jan 2022 14:12:42 GMT">
  <testcase classname="CommonFunctions.PropertyFile" name="verifyLogin" time="4.166"/>
</testsuite> <!-- CommonFunctions.PropertyFile -->
