<?xml version="1.0" encoding="UTF-8"?>
<!-- Generated by org.testng.reporters.JUnitReportReporter -->
<testsuite hostname="DESKTOP-78VEUMB" failures="0" tests="1" name="DriverFactory.AppTest" time="2.909" errors="0" timestamp="31 Jan 2022 17:34:24 GMT">
  <testcase classname="DriverFactory.AppTest" name="KickStart" time="2.909"/>
</testsuite> <!-- DriverFactory.AppTest -->
