<?xml version="1.0" encoding="UTF-8"?>
<!-- Generated by org.testng.reporters.JUnitReportReporter -->
<testsuite hostname="DESKTOP-78VEUMB" failures="0" tests="2" name="CommonFunctions.advancedreports" time="26.911" errors="0" timestamp="25 Jan 2022 07:30:46 GMT">
  <testcase classname="CommonFunctions.advancedreports" name="PassTest" time="8.765"/>
  <testcase classname="CommonFunctions.advancedreports" name="failTest" time="18.146"/>
</testsuite> <!-- CommonFunctions.advancedreports -->
